<?xml version='1.0' encoding='UTF-8' ?>
<testsuite name="com.example.absolute_cinema_app.ExampleInstrumentedTest" tests="6" failures="0" errors="0" skipped="0" time="1.251" timestamp="2025-05-27T20:32:12" hostname="localhost">
  <properties>
    <property name="device" value="Pixel_6a_API_35(AVD) - 15" />
    <property name="flavor" value="" />
    <property name="project" value=":app" />
  </properties>
  <testcase name="testTokenManager_saveAndGetToken" classname="com.example.absolute_cinema_app.ExampleInstrumentedTest" time="0.18" />
  <testcase name="testGenresToString" classname="com.example.absolute_cinema_app.ExampleInstrumentedTest" time="0.001" />
  <testcase name="testVideoResponseParsing" classname="com.example.absolute_cinema_app.ExampleInstrumentedTest" time="0.033" />
  <testcase name="testThemePreference_saveAndLoad" classname="com.example.absolute_cinema_app.ExampleInstrumentedTest" time="0.003" />
  <testcase name="testTokenManager_clearToken" classname="com.example.absolute_cinema_app.ExampleInstrumentedTest" time="0.062" />
  <testcase name="useAppContext" classname="com.example.absolute_cinema_app.ExampleInstrumentedTest" time="0.003" />
</testsuite>